The system is: Windows - 10.0.17134 - AMD64
Compiling the C compiler identification source file "CMakeCCompilerId.c" succeeded.
Compiler: C:/Program Files (x86)/GNU Tools Arm Embedded/8 2018-q4-major/bin/arm-none-eabi-gcc.exe 
Build flags: 
Id flags: -c 

The output was:
0


Compilation of the C compiler identification source "CMakeCCompilerId.c" produced "CMakeCCompilerId.o"

The C compiler identification is GNU, found in "C:/Users/86134/Desktop/2019_spring/RM_project/Meta-Vision/cmake-build-debug-armtoolchain/CMakeFiles/3.13.2/CompilerIdC/CMakeCCompilerId.o"

Compiling the CXX compiler identification source file "CMakeCXXCompilerId.cpp" succeeded.
Compiler: C:/Program Files (x86)/GNU Tools Arm Embedded/8 2018-q4-major/bin/arm-none-eabi-g++.exe 
Build flags: 
Id flags: -c 

The output was:
0


Compilation of the CXX compiler identification source "CMakeCXXCompilerId.cpp" produced "CMakeCXXCompilerId.o"

The CXX compiler identification is GNU, found in "C:/Users/86134/Desktop/2019_spring/RM_project/Meta-Vision/cmake-build-debug-armtoolchain/CMakeFiles/3.13.2/CompilerIdCXX/CMakeCXXCompilerId.o"

Compiling the C compiler identification source file "CMakeCCompilerId.c" succeeded.
Compiler: C:/Program Files (x86)/GNU Tools Arm Embedded/8 2018-q4-major/bin/arm-none-eabi-gcc.exe 
Build flags: 
Id flags: -c 

The output was:
0


Compilation of the C compiler identification source "CMakeCCompilerId.c" produced "CMakeCCompilerId.o"

The C compiler identification is GNU, found in "C:/Users/86134/Desktop/2019_spring/RM_project/Meta-Vision/cmake-build-debug-armtoolchain/CMakeFiles/3.13.2/CompilerIdC/CMakeCCompilerId.o"

Compiling the CXX compiler identification source file "CMakeCXXCompilerId.cpp" succeeded.
Compiler: C:/Program Files (x86)/GNU Tools Arm Embedded/8 2018-q4-major/bin/arm-none-eabi-g++.exe 
Build flags: 
Id flags: -c 

The output was:
0


Compilation of the CXX compiler identification source "CMakeCXXCompilerId.cpp" produced "CMakeCXXCompilerId.o"

The CXX compiler identification is GNU, found in "C:/Users/86134/Desktop/2019_spring/RM_project/Meta-Vision/cmake-build-debug-armtoolchain/CMakeFiles/3.13.2/CompilerIdCXX/CMakeCXXCompilerId.o"

